<?xml version="1.0" encoding="UTF-8"?>
<!-- Generated by org.testng.reporters.JUnitReportReporter -->
<testsuite hostname="KI0635" name="com.org.kore.web.tests.Messages121Test" tests="2" failures="0" timestamp="23 Feb 2021 09:22:52 GMT" time="49.849" errors="0">
  <testcase name="koraOneToOneConversation" time="9.265" classname="com.org.kore.web.tests.Messages121Test"/>
  <testcase name="koraOneToOneProfileIconValidation" time="40.584" classname="com.org.kore.web.tests.Messages121Test"/>
</testsuite> <!-- com.org.kore.web.tests.Messages121Test -->
